<?xml version="1.0" encoding="UTF-8"?>
<testng-results skipped="0" failed="0" ignored="0" total="1" passed="1">
  <reporter-output>
    <line>
      <![CDATA[<font color='green'>pravinis enter]]>
    </line>
    <line>
      <![CDATA[Test123is enter]]>
    </line>
    <line>
      <![CDATA[User Click on Login]]>
    </line>
  </reporter-output>
  <suite name="Suite" duration-ms="34428" started-at="2017-04-27T18:11:25Z" finished-at="2017-04-27T18:12:00Z">
    <groups>
    </groups>
    <test name="PageObjectModel" duration-ms="34428" started-at="2017-04-27T18:11:25Z" finished-at="2017-04-27T18:12:00Z">
      <class name="com.Automation.MainTest">
        <test-method status="PASS" signature="setup()[pri:0, instance:com.Automation.MainTest@a7e666]" name="setup" is-config="true" duration-ms="24020" started-at="2017-04-27T23:41:01Z" finished-at="2017-04-27T23:41:25Z">
          <reporter-output>
          </reporter-output>
        </test-method> <!-- setup -->
        <test-method status="PASS" signature="launchApp()[pri:0, instance:com.Automation.MainTest@a7e666]" name="launchApp" is-config="true" duration-ms="24061" started-at="2017-04-27T23:41:26Z" finished-at="2017-04-27T23:41:50Z">
          <reporter-output>
          </reporter-output>
        </test-method> <!-- launchApp -->
        <test-method status="PASS" signature="run()[pri:0, instance:com.Automation.MainTest@a7e666]" name="run" duration-ms="7844" started-at="2017-04-27T23:41:50Z" finished-at="2017-04-27T23:41:58Z">
          <reporter-output>
            <line>
              <![CDATA[<font color='green'>pravinis enter]]>
            </line>
            <line>
              <![CDATA[Test123is enter]]>
            </line>
            <line>
              <![CDATA[User Click on Login]]>
            </line>
          </reporter-output>
        </test-method> <!-- run -->
        <test-method status="PASS" signature="closeTest()[pri:0, instance:com.Automation.MainTest@a7e666]" name="closeTest" is-config="true" duration-ms="2363" started-at="2017-04-27T23:41:58Z" finished-at="2017-04-27T23:42:00Z">
          <reporter-output>
          </reporter-output>
        </test-method> <!-- closeTest -->
      </class> <!-- com.Automation.MainTest -->
    </test> <!-- PageObjectModel -->
  </suite> <!-- Suite -->
</testng-results>
